<?xml version="1.0" encoding="UTF-8"?>
<!-- Generated by org.testng.reporters.JUnitReportReporter -->
<testsuite hostname="PaBlO" failures="0" tests="3" name="by.traning.task05.service.validator.ThreePointsOnSameLineValidatorTest" time="0.000" errors="0" timestamp="2021-07-02T01:54:14 MSK" skipped="0">
  <testcase classname="by.traning.task05.service.validator.ThreePointsOnSameLineValidatorTest" name="isThreePointsOnSameLineNegativeTest" time="0.000"/>
  <system-out/>
  <testcase classname="by.traning.task05.service.validator.ThreePointsOnSameLineValidatorTest" name="isThreePointsOnSameLineTest" time="0.000"/>
  <system-out/>
  <testcase classname="by.traning.task05.service.validator.ThreePointsOnSameLineValidatorTest" name="isThreePointsOnSameLineNegativeTest" time="0.000"/>
  <system-out/>
</testsuite> <!-- by.traning.task05.service.validator.ThreePointsOnSameLineValidatorTest -->
