<?xml version="1.0" encoding="UTF-8"?>
<!-- Generated by org.testng.reporters.JUnitReportReporter -->
<testsuite hostname="PaBlO" failures="0" tests="5" name="by.traning.task05.service.validator.NumericValueValidatorTest" time="0.001" errors="0" timestamp="2021-07-02T01:54:14 MSK" skipped="0">
  <testcase classname="by.traning.task05.service.validator.NumericValueValidatorTest" name="isNumericNegativeTest" time="0.000"/>
  <system-out/>
  <testcase classname="by.traning.task05.service.validator.NumericValueValidatorTest" name="isNumericTest" time="0.000"/>
  <system-out/>
  <testcase classname="by.traning.task05.service.validator.NumericValueValidatorTest" name="isNumericTest" time="0.000"/>
  <system-out/>
  <testcase classname="by.traning.task05.service.validator.NumericValueValidatorTest" name="isNumericTest" time="0.001"/>
  <system-out/>
  <testcase classname="by.traning.task05.service.validator.NumericValueValidatorTest" name="isNumericNegativeTest" time="0.000"/>
  <system-out/>
</testsuite> <!-- by.traning.task05.service.validator.NumericValueValidatorTest -->
