<?xml version="1.0" encoding="UTF-8"?>
<!-- Generated by org.testng.reporters.JUnitReportReporter -->
<testsuite hostname="PaBlO" failures="0" tests="1" name="by.traning.task05.service.observer.impl.ObservableQuadrilateralTest" time="0.028" errors="0" timestamp="2021-07-02T01:54:14 MSK" skipped="0">
  <testcase classname="by.traning.task05.service.observer.impl.ObservableQuadrilateralTest" name="returnFalseIfTheUpdateNotifyWorks" time="0.028"/>
  <system-out/>
</testsuite> <!-- by.traning.task05.service.observer.impl.ObservableQuadrilateralTest -->
