<?xml version="1.0" encoding="UTF-8"?>
<!-- Generated by org.testng.reporters.JUnitReportReporter -->
<testsuite hostname="PaBlO" failures="0" tests="7" name="by.traning.task05.dao.impl.FileQuadrilateralDAOTest" time="0.035" errors="0" timestamp="2021-07-02T01:54:14 MSK" skipped="0">
  <testcase classname="by.traning.task05.dao.impl.FileQuadrilateralDAOTest" name="isNumericNegativeTest" time="0.000"/>
  <system-out/>
  <testcase classname="by.traning.task05.dao.impl.FileQuadrilateralDAOTest" name="fileQuadrilateralDAONegativeTest" time="0.014"/>
  <system-out/>
  <testcase classname="by.traning.task05.dao.impl.FileQuadrilateralDAOTest" name="isNumericNegativeTest" time="0.001"/>
  <system-out/>
  <testcase classname="by.traning.task05.dao.impl.FileQuadrilateralDAOTest" name="isNumericNegativeTest" time="0.001"/>
  <system-out/>
  <testcase classname="by.traning.task05.dao.impl.FileQuadrilateralDAOTest" name="fileQuadrilateralDAONegativeTest" time="0.000"/>
  <system-out/>
  <testcase classname="by.traning.task05.dao.impl.FileQuadrilateralDAOTest" name="isNumericTest" time="0.018"/>
  <system-out/>
  <testcase classname="by.traning.task05.dao.impl.FileQuadrilateralDAOTest" name="fileQuadrilateralDAOTest" time="0.001"/>
  <system-out/>
</testsuite> <!-- by.traning.task05.dao.impl.FileQuadrilateralDAOTest -->
