<?xml version="1.0" encoding="UTF-8"?>
<!-- Generated by org.testng.reporters.JUnitReportReporter -->
<testsuite hostname="PaBlO" failures="0" tests="1" name="by.traning.task06.DAO.impl.FileMatrixDAOTest" time="0.000" errors="0" timestamp="2021-07-14T17:32:04 MSK" skipped="1">
  <testcase classname="by.traning.task06.DAO.impl.FileMatrixDAOTest" name="readFileTest" time="0.000">
    <skipped/>
  </testcase> <!-- readFileTest -->
  <system-out/>
</testsuite> <!-- by.traning.task06.DAO.impl.FileMatrixDAOTest -->
