<?xml version="1.0" encoding="UTF-8"?>
<!-- Generated by org.testng.reporters.JUnitReportReporter -->
<testsuite hostname="PaBlO" failures="0" tests="7" name="by.traning.task06.service.ArrayServiceSortTest" time="0.077" errors="0" timestamp="2021-07-14T17:32:04 MSK" skipped="0">
  <testcase classname="by.traning.task06.service.ArrayServiceSortTest" name="hashingSortTest" time="0.002"/>
  <system-out/>
  <testcase classname="by.traning.task06.service.ArrayServiceSortTest" name="shellSortTest" time="0.005"/>
  <system-out/>
  <testcase classname="by.traning.task06.service.ArrayServiceSortTest" name="bubbleSortTest" time="0.028"/>
  <system-out/>
  <testcase classname="by.traning.task06.service.ArrayServiceSortTest" name="insertionSortTest" time="0.012"/>
  <system-out/>
  <testcase classname="by.traning.task06.service.ArrayServiceSortTest" name="shakerSortTest" time="0.011"/>
  <system-out/>
  <testcase classname="by.traning.task06.service.ArrayServiceSortTest" name="selectionSortTest" time="0.006"/>
  <system-out/>
  <testcase classname="by.traning.task06.service.ArrayServiceSortTest" name="mergeSortTest" time="0.013"/>
  <system-out/>
</testsuite> <!-- by.traning.task06.service.ArrayServiceSortTest -->
