<?xml version="1.0" encoding="UTF-8"?>
<!-- Generated by org.testng.reporters.JUnitReportReporter -->
<testsuite hostname="PaBlO" failures="0" tests="16" name="by.traning.task06.service.MatrixServiceSortTest" time="0.033" errors="0" timestamp="2021-07-14T17:32:04 MSK" skipped="0">
  <testcase classname="by.traning.task06.service.MatrixServiceSortTest" name="subtractionNegativeTest" time="0.000"/>
  <system-out/>
  <testcase classname="by.traning.task06.service.MatrixServiceSortTest" name="multiplyNegativeTest" time="0.001"/>
  <system-out/>
  <testcase classname="by.traning.task06.service.MatrixServiceSortTest" name="multiplyNegativeTest" time="0.001"/>
  <system-out/>
  <testcase classname="by.traning.task06.service.MatrixServiceSortTest" name="subtractionTest" time="0.003"/>
  <system-out/>
  <testcase classname="by.traning.task06.service.MatrixServiceSortTest" name="subtractionNegativeTest" time="0.000"/>
  <system-out/>
  <testcase classname="by.traning.task06.service.MatrixServiceSortTest" name="summationNegativeTest" time="0.001"/>
  <system-out/>
  <testcase classname="by.traning.task06.service.MatrixServiceSortTest" name="subtractionTest" time="0.000"/>
  <system-out/>
  <testcase classname="by.traning.task06.service.MatrixServiceSortTest" name="multiplyTest" time="0.022"/>
  <system-out/>
  <testcase classname="by.traning.task06.service.MatrixServiceSortTest" name="summationNegativeTest" time="0.001"/>
  <system-out/>
  <testcase classname="by.traning.task06.service.MatrixServiceSortTest" name="subtractionNegativeTest" time="0.001"/>
  <system-out/>
  <testcase classname="by.traning.task06.service.MatrixServiceSortTest" name="summationNegativeTest" time="0.000"/>
  <system-out/>
  <testcase classname="by.traning.task06.service.MatrixServiceSortTest" name="summationTest" time="0.002"/>
  <system-out/>
  <testcase classname="by.traning.task06.service.MatrixServiceSortTest" name="multiplyNegativeTest" time="0.001"/>
  <system-out/>
  <testcase classname="by.traning.task06.service.MatrixServiceSortTest" name="multiplyNegativeTest" time="0.000"/>
  <system-out/>
  <testcase classname="by.traning.task06.service.MatrixServiceSortTest" name="summationNegativeTest" time="0.000"/>
  <system-out/>
  <testcase classname="by.traning.task06.service.MatrixServiceSortTest" name="subtractionNegativeTest" time="0.000"/>
  <system-out/>
</testsuite> <!-- by.traning.task06.service.MatrixServiceSortTest -->
