<?xml version="1.0" encoding="UTF-8"?>
<!-- Generated by org.testng.reporters.JUnitReportReporter -->
<testsuite hostname="PaBlO" failures="0" tests="5" name="by.traning.task06.service.creator.MatrixCreatorTest" time="0.006" errors="0" timestamp="2021-07-14T17:32:04 MSK" skipped="0">
  <testcase classname="by.traning.task06.service.creator.MatrixCreatorTest" name="creatorNegativeTest" time="0.001"/>
  <system-out/>
  <testcase classname="by.traning.task06.service.creator.MatrixCreatorTest" name="creatorNegativeTest" time="0.001"/>
  <system-out/>
  <testcase classname="by.traning.task06.service.creator.MatrixCreatorTest" name="creatorTest" time="0.001"/>
  <system-out/>
  <testcase classname="by.traning.task06.service.creator.MatrixCreatorTest" name="creatorNegativeTest" time="0.001"/>
  <system-out/>
  <testcase classname="by.traning.task06.service.creator.MatrixCreatorTest" name="creatorNegativeTest" time="0.002"/>
  <system-out/>
</testsuite> <!-- by.traning.task06.service.creator.MatrixCreatorTest -->
