<?xml version="1.0" encoding="UTF-8"?>
<!-- Generated by org.testng.reporters.JUnitReportReporter -->
<testsuite hostname="PaBlO" failures="0" tests="46" name="by.traning.task01.CalculationTest" time="0.039" errors="0" timestamp="2021-05-22T06:00:40 MSK" skipped="0">
  <testcase classname="by.traning.task01.CalculationTest" name="trigonometricFormulaTest" time="0.000"/>
  <system-out/>
  <testcase classname="by.traning.task01.CalculationTest" name="calculatingCubeParametersTest" time="0.000"/>
  <system-out/>
  <testcase classname="by.traning.task01.CalculationTest" name="trigonometricFormulaTest" time="0.000"/>
  <system-out/>
  <testcase classname="by.traning.task01.CalculationTest" name="areaTriangleNegativeTest" time="0.001"/>
  <system-out/>
  <testcase classname="by.traning.task01.CalculationTest" name="foldWithThreeTest" time="0.000"/>
  <system-out/>
  <testcase classname="by.traning.task01.CalculationTest" name="foldWithThreeTest" time="0.000"/>
  <system-out/>
  <testcase classname="by.traning.task01.CalculationTest" name="areaTriangleNegativeTest" time="0.001"/>
  <system-out/>
  <testcase classname="by.traning.task01.CalculationTest" name="foldWithThreeTest" time="0.000"/>
  <system-out/>
  <testcase classname="by.traning.task01.CalculationTest" name="trigonometricFormulaNegativeTest" time="0.001"/>
  <system-out/>
  <testcase classname="by.traning.task01.CalculationTest" name="trigonometricFormulaNegativeTest" time="0.001"/>
  <system-out/>
  <testcase classname="by.traning.task01.CalculationTest" name="areaTriangleNegativeTest" time="0.000"/>
  <system-out/>
  <testcase classname="by.traning.task01.CalculationTest" name="foldWithThreeTest" time="0.000"/>
  <system-out/>
  <testcase classname="by.traning.task01.CalculationTest" name="areaTriangleTest" time="0.001"/>
  <system-out/>
  <testcase classname="by.traning.task01.CalculationTest" name="bytesToKilobytesTest" time="0.000"/>
  <system-out/>
  <testcase classname="by.traning.task01.CalculationTest" name="foldWithThreeTest" time="0.000"/>
  <system-out/>
  <testcase classname="by.traning.task01.CalculationTest" name="calculatingCubeParametersNegativeTest" time="0.001"/>
  <system-out/>
  <testcase classname="by.traning.task01.CalculationTest" name="calculatingCubeParametersTest" time="0.000"/>
  <system-out/>
  <testcase classname="by.traning.task01.CalculationTest" name="areaTriangleNegativeTest" time="0.001"/>
  <system-out/>
  <testcase classname="by.traning.task01.CalculationTest" name="trigonometricFormulaNegativeTest" time="0.001"/>
  <system-out/>
  <testcase classname="by.traning.task01.CalculationTest" name="areaTriangleNegativeTest" time="0.001"/>
  <system-out/>
  <testcase classname="by.traning.task01.CalculationTest" name="calculatingCubeParametersNegativeTest" time="0.001"/>
  <system-out/>
  <testcase classname="by.traning.task01.CalculationTest" name="areaTriangleNegativeTest" time="0.013"/>
  <system-out/>
  <testcase classname="by.traning.task01.CalculationTest" name="areaTriangleNegativeTest" time="0.001"/>
  <system-out/>
  <testcase classname="by.traning.task01.CalculationTest" name="trigonometricFormulaTest" time="0.000"/>
  <system-out/>
  <testcase classname="by.traning.task01.CalculationTest" name="areaTriangleTest" time="0.000"/>
  <system-out/>
  <testcase classname="by.traning.task01.CalculationTest" name="bytesToKilobytesTest" time="0.000"/>
  <system-out/>
  <testcase classname="by.traning.task01.CalculationTest" name="bytesToKilobytesNegativeTest" time="0.002"/>
  <system-out/>
  <testcase classname="by.traning.task01.CalculationTest" name="areaTriangleNegativeTest" time="0.001"/>
  <system-out/>
  <testcase classname="by.traning.task01.CalculationTest" name="areaTriangleNegativeTest" time="0.000"/>
  <system-out/>
  <testcase classname="by.traning.task01.CalculationTest" name="areaTriangleNegativeTest" time="0.001"/>
  <system-out/>
  <testcase classname="by.traning.task01.CalculationTest" name="trigonometricFormulaNegativeTest" time="0.000"/>
  <system-out/>
  <testcase classname="by.traning.task01.CalculationTest" name="areaTriangleNegativeTest" time="0.001"/>
  <system-out/>
  <testcase classname="by.traning.task01.CalculationTest" name="areaTriangleNegativeTest" time="0.001"/>
  <system-out/>
  <testcase classname="by.traning.task01.CalculationTest" name="areaTriangleNegativeTest" time="0.001"/>
  <system-out/>
  <testcase classname="by.traning.task01.CalculationTest" name="areaTriangleTest" time="0.002"/>
  <system-out/>
  <testcase classname="by.traning.task01.CalculationTest" name="trigonometricFormulaNegativeTest" time="0.000"/>
  <system-out/>
  <testcase classname="by.traning.task01.CalculationTest" name="foldWithThreeTest" time="0.000"/>
  <system-out/>
  <testcase classname="by.traning.task01.CalculationTest" name="bytesToKilobytesTest" time="0.000"/>
  <system-out/>
  <testcase classname="by.traning.task01.CalculationTest" name="calculatingCubeParametersTest" time="0.001"/>
  <system-out/>
  <testcase classname="by.traning.task01.CalculationTest" name="calculatingCubeParametersTest" time="0.001"/>
  <system-out/>
  <testcase classname="by.traning.task01.CalculationTest" name="areaTriangleTest" time="0.001"/>
  <system-out/>
  <testcase classname="by.traning.task01.CalculationTest" name="areaTriangleNegativeTest" time="0.001"/>
  <system-out/>
  <testcase classname="by.traning.task01.CalculationTest" name="bytesToKilobytesTest" time="0.001"/>
  <system-out/>
  <testcase classname="by.traning.task01.CalculationTest" name="areaTriangleNegativeTest" time="0.000"/>
  <system-out/>
  <testcase classname="by.traning.task01.CalculationTest" name="foldWithThreeNegativeTest" time="0.001"/>
  <system-out/>
  <testcase classname="by.traning.task01.CalculationTest" name="trigonometricFormulaTest" time="0.000"/>
  <system-out/>
</testsuite> <!-- by.traning.task01.CalculationTest -->
